<?xml version="1.0" encoding="UTF-8"?>
<testsuite xmlns:xsi="http://www.w3.org/2001/XMLSchema-instance" xsi:noNamespaceSchemaLocation="https://maven.apache.org/surefire/maven-surefire-plugin/xsd/surefire-test-report.xsd" name="com.lijian.home.HomeApplicationTests" time="2.026" tests="1" errors="0" skipped="0" failures="0">
  <properties>
    <property name="sun.desktop" value="windows"/>
    <property name="awt.toolkit" value="sun.awt.windows.WToolkit"/>
    <property name="file.encoding.pkg" value="sun.io"/>
    <property name="java.specification.version" value="1.8"/>
    <property name="sun.cpu.isalist" value="pentium_pro+mmx pentium_pro pentium+mmx pentium i486 i386 i86"/>
    <property name="sun.jnu.encoding" value="GBK"/>
    <property name="java.class.path" value="E:\lijian\zcCode\target\test-classes;E:\lijian\zcCode\target\classes;E:\maven\resporitory_lijian\org\springframework\boot\spring-boot-starter-web\2.4.1\spring-boot-starter-web-2.4.1.jar;E:\maven\resporitory_lijian\org\springframework\boot\spring-boot-starter\2.4.1\spring-boot-starter-2.4.1.jar;E:\maven\resporitory_lijian\org\springframework\boot\spring-boot-starter-logging\2.4.1\spring-boot-starter-logging-2.4.1.jar;E:\maven\resporitory_lijian\ch\qos\logback\logback-classic\1.2.3\logback-classic-1.2.3.jar;E:\maven\resporitory_lijian\ch\qos\logback\logback-core\1.2.3\logback-core-1.2.3.jar;E:\maven\resporitory_lijian\org\apache\logging\log4j\log4j-to-slf4j\2.13.3\log4j-to-slf4j-2.13.3.jar;E:\maven\resporitory_lijian\org\apache\logging\log4j\log4j-api\2.13.3\log4j-api-2.13.3.jar;E:\maven\resporitory_lijian\org\slf4j\jul-to-slf4j\1.7.30\jul-to-slf4j-1.7.30.jar;E:\maven\resporitory_lijian\jakarta\annotation\jakarta.annotation-api\1.3.5\jakarta.annotation-api-1.3.5.jar;E:\maven\resporitory_lijian\org\yaml\snakeyaml\1.27\snakeyaml-1.27.jar;E:\maven\resporitory_lijian\org\springframework\boot\spring-boot-starter-json\2.4.1\spring-boot-starter-json-2.4.1.jar;E:\maven\resporitory_lijian\com\fasterxml\jackson\core\jackson-databind\2.11.3\jackson-databind-2.11.3.jar;E:\maven\resporitory_lijian\com\fasterxml\jackson\core\jackson-annotations\2.11.3\jackson-annotations-2.11.3.jar;E:\maven\resporitory_lijian\com\fasterxml\jackson\core\jackson-core\2.11.3\jackson-core-2.11.3.jar;E:\maven\resporitory_lijian\com\fasterxml\jackson\datatype\jackson-datatype-jdk8\2.11.3\jackson-datatype-jdk8-2.11.3.jar;E:\maven\resporitory_lijian\com\fasterxml\jackson\datatype\jackson-datatype-jsr310\2.11.3\jackson-datatype-jsr310-2.11.3.jar;E:\maven\resporitory_lijian\com\fasterxml\jackson\module\jackson-module-parameter-names\2.11.3\jackson-module-parameter-names-2.11.3.jar;E:\maven\resporitory_lijian\org\springframework\boot\spring-boot-starter-tomcat\2.4.1\spring-boot-starter-tomcat-2.4.1.jar;E:\maven\resporitory_lijian\org\apache\tomcat\embed\tomcat-embed-core\9.0.41\tomcat-embed-core-9.0.41.jar;E:\maven\resporitory_lijian\org\glassfish\jakarta.el\3.0.3\jakarta.el-3.0.3.jar;E:\maven\resporitory_lijian\org\apache\tomcat\embed\tomcat-embed-websocket\9.0.41\tomcat-embed-websocket-9.0.41.jar;E:\maven\resporitory_lijian\org\springframework\spring-web\5.3.2\spring-web-5.3.2.jar;E:\maven\resporitory_lijian\org\springframework\spring-beans\5.3.2\spring-beans-5.3.2.jar;E:\maven\resporitory_lijian\org\springframework\spring-webmvc\5.3.2\spring-webmvc-5.3.2.jar;E:\maven\resporitory_lijian\org\springframework\spring-aop\5.3.2\spring-aop-5.3.2.jar;E:\maven\resporitory_lijian\org\springframework\spring-context\5.3.2\spring-context-5.3.2.jar;E:\maven\resporitory_lijian\org\springframework\spring-expression\5.3.2\spring-expression-5.3.2.jar;E:\maven\resporitory_lijian\org\junit\platform\junit-platform-launcher\1.7.0\junit-platform-launcher-1.7.0.jar;E:\maven\resporitory_lijian\org\apiguardian\apiguardian-api\1.1.0\apiguardian-api-1.1.0.jar;E:\maven\resporitory_lijian\org\junit\platform\junit-platform-engine\1.7.0\junit-platform-engine-1.7.0.jar;E:\maven\resporitory_lijian\org\opentest4j\opentest4j\1.2.0\opentest4j-1.2.0.jar;E:\maven\resporitory_lijian\org\junit\platform\junit-platform-commons\1.7.0\junit-platform-commons-1.7.0.jar;E:\maven\resporitory_lijian\org\springframework\boot\spring-boot-starter-test\2.4.1\spring-boot-starter-test-2.4.1.jar;E:\maven\resporitory_lijian\org\springframework\boot\spring-boot-test\2.4.1\spring-boot-test-2.4.1.jar;E:\maven\resporitory_lijian\org\springframework\boot\spring-boot-test-autoconfigure\2.4.1\spring-boot-test-autoconfigure-2.4.1.jar;E:\maven\resporitory_lijian\com\jayway\jsonpath\json-path\2.4.0\json-path-2.4.0.jar;E:\maven\resporitory_lijian\net\minidev\json-smart\2.3\json-smart-2.3.jar;E:\maven\resporitory_lijian\net\minidev\accessors-smart\1.2\accessors-smart-1.2.jar;E:\maven\resporitory_lijian\org\ow2\asm\asm\5.0.4\asm-5.0.4.jar;E:\maven\resporitory_lijian\org\slf4j\slf4j-api\1.7.30\slf4j-api-1.7.30.jar;E:\maven\resporitory_lijian\jakarta\xml\bind\jakarta.xml.bind-api\2.3.3\jakarta.xml.bind-api-2.3.3.jar;E:\maven\resporitory_lijian\jakarta\activation\jakarta.activation-api\1.2.2\jakarta.activation-api-1.2.2.jar;E:\maven\resporitory_lijian\org\assertj\assertj-core\3.18.1\assertj-core-3.18.1.jar;E:\maven\resporitory_lijian\org\hamcrest\hamcrest\2.2\hamcrest-2.2.jar;E:\maven\resporitory_lijian\org\junit\jupiter\junit-jupiter\5.7.0\junit-jupiter-5.7.0.jar;E:\maven\resporitory_lijian\org\junit\jupiter\junit-jupiter-api\5.7.0\junit-jupiter-api-5.7.0.jar;E:\maven\resporitory_lijian\org\junit\jupiter\junit-jupiter-params\5.7.0\junit-jupiter-params-5.7.0.jar;E:\maven\resporitory_lijian\org\junit\jupiter\junit-jupiter-engine\5.7.0\junit-jupiter-engine-5.7.0.jar;E:\maven\resporitory_lijian\org\mockito\mockito-core\3.6.28\mockito-core-3.6.28.jar;E:\maven\resporitory_lijian\net\bytebuddy\byte-buddy\1.10.18\byte-buddy-1.10.18.jar;E:\maven\resporitory_lijian\net\bytebuddy\byte-buddy-agent\1.10.18\byte-buddy-agent-1.10.18.jar;E:\maven\resporitory_lijian\org\objenesis\objenesis\3.1\objenesis-3.1.jar;E:\maven\resporitory_lijian\org\mockito\mockito-junit-jupiter\3.6.28\mockito-junit-jupiter-3.6.28.jar;E:\maven\resporitory_lijian\org\skyscreamer\jsonassert\1.5.0\jsonassert-1.5.0.jar;E:\maven\resporitory_lijian\com\vaadin\external\google\android-json\0.0.20131108.vaadin1\android-json-0.0.20131108.vaadin1.jar;E:\maven\resporitory_lijian\org\springframework\spring-core\5.3.2\spring-core-5.3.2.jar;E:\maven\resporitory_lijian\org\springframework\spring-jcl\5.3.2\spring-jcl-5.3.2.jar;E:\maven\resporitory_lijian\org\springframework\spring-test\5.3.2\spring-test-5.3.2.jar;E:\maven\resporitory_lijian\org\xmlunit\xmlunit-core\2.7.0\xmlunit-core-2.7.0.jar;E:\maven\resporitory_lijian\junit\junit\4.12\junit-4.12.jar;E:\maven\resporitory_lijian\org\hamcrest\hamcrest-core\2.2\hamcrest-core-2.2.jar;E:\maven\resporitory_lijian\org\mybatis\spring\boot\mybatis-spring-boot-starter\1.1.1\mybatis-spring-boot-starter-1.1.1.jar;E:\maven\resporitory_lijian\org\mybatis\spring\boot\mybatis-spring-boot-autoconfigure\1.1.1\mybatis-spring-boot-autoconfigure-1.1.1.jar;E:\maven\resporitory_lijian\org\mybatis\mybatis\3.4.0\mybatis-3.4.0.jar;E:\maven\resporitory_lijian\org\mybatis\mybatis-spring\1.3.0\mybatis-spring-1.3.0.jar;E:\maven\resporitory_lijian\org\springframework\boot\spring-boot-starter-jdbc\2.4.1\spring-boot-starter-jdbc-2.4.1.jar;E:\maven\resporitory_lijian\com\zaxxer\HikariCP\3.4.5\HikariCP-3.4.5.jar;E:\maven\resporitory_lijian\org\springframework\spring-jdbc\5.3.2\spring-jdbc-5.3.2.jar;E:\maven\resporitory_lijian\org\springframework\spring-tx\5.3.2\spring-tx-5.3.2.jar;E:\maven\resporitory_lijian\mysql\mysql-connector-java\8.0.22\mysql-connector-java-8.0.22.jar;E:\maven\resporitory_lijian\org\springframework\boot\spring-boot-starter-thymeleaf\2.4.1\spring-boot-starter-thymeleaf-2.4.1.jar;E:\maven\resporitory_lijian\org\thymeleaf\thymeleaf-spring5\3.0.11.RELEASE\thymeleaf-spring5-3.0.11.RELEASE.jar;E:\maven\resporitory_lijian\org\thymeleaf\thymeleaf\3.0.11.RELEASE\thymeleaf-3.0.11.RELEASE.jar;E:\maven\resporitory_lijian\org\attoparser\attoparser\2.0.5.RELEASE\attoparser-2.0.5.RELEASE.jar;E:\maven\resporitory_lijian\org\unbescape\unbescape\1.1.6.RELEASE\unbescape-1.1.6.RELEASE.jar;E:\maven\resporitory_lijian\org\thymeleaf\extras\thymeleaf-extras-java8time\3.0.4.RELEASE\thymeleaf-extras-java8time-3.0.4.RELEASE.jar;E:\maven\resporitory_lijian\org\springframework\boot\spring-boot-devtools\2.4.1\spring-boot-devtools-2.4.1.jar;E:\maven\resporitory_lijian\org\springframework\boot\spring-boot\2.4.1\spring-boot-2.4.1.jar;E:\maven\resporitory_lijian\org\springframework\boot\spring-boot-autoconfigure\2.4.1\spring-boot-autoconfigure-2.4.1.jar;E:\maven\resporitory_lijian\commons-beanutils\commons-beanutils\1.9.3\commons-beanutils-1.9.3.jar;E:\maven\resporitory_lijian\commons-logging\commons-logging\1.2\commons-logging-1.2.jar;E:\maven\resporitory_lijian\commons-collections\commons-collections\3.2.2\commons-collections-3.2.2.jar;"/>
    <property name="java.vm.vendor" value="Oracle Corporation"/>
    <property name="sun.arch.data.model" value="32"/>
    <property name="user.variant" value=""/>
    <property name="java.vendor.url" value="http://java.oracle.com/"/>
    <property name="user.timezone" value="Asia/Shanghai"/>
    <property name="java.vm.specification.version" value="1.8"/>
    <property name="os.name" value="Windows 8.1"/>
    <property name="user.country" value="CN"/>
    <property name="sun.java.launcher" value="SUN_STANDARD"/>
    <property name="sun.boot.library.path" value="D:\tools\install\dev\jdk\openjdk\java-se-8u41-ri\jre\bin"/>
    <property name="sun.java.command" value="C:\Users\lys\AppData\Local\Temp\surefire6485244986972415883\surefirebooter130339713660000345.jar C:\Users\lys\AppData\Local\Temp\surefire6485244986972415883 2021-03-03T23-06-21_513-jvmRun1 surefire5145764177565351490tmp surefire_06934638514969322898tmp"/>
    <property name="surefire.test.class.path" value="E:\lijian\zcCode\target\test-classes;E:\lijian\zcCode\target\classes;E:\maven\resporitory_lijian\org\springframework\boot\spring-boot-starter-web\2.4.1\spring-boot-starter-web-2.4.1.jar;E:\maven\resporitory_lijian\org\springframework\boot\spring-boot-starter\2.4.1\spring-boot-starter-2.4.1.jar;E:\maven\resporitory_lijian\org\springframework\boot\spring-boot-starter-logging\2.4.1\spring-boot-starter-logging-2.4.1.jar;E:\maven\resporitory_lijian\ch\qos\logback\logback-classic\1.2.3\logback-classic-1.2.3.jar;E:\maven\resporitory_lijian\ch\qos\logback\logback-core\1.2.3\logback-core-1.2.3.jar;E:\maven\resporitory_lijian\org\apache\logging\log4j\log4j-to-slf4j\2.13.3\log4j-to-slf4j-2.13.3.jar;E:\maven\resporitory_lijian\org\apache\logging\log4j\log4j-api\2.13.3\log4j-api-2.13.3.jar;E:\maven\resporitory_lijian\org\slf4j\jul-to-slf4j\1.7.30\jul-to-slf4j-1.7.30.jar;E:\maven\resporitory_lijian\jakarta\annotation\jakarta.annotation-api\1.3.5\jakarta.annotation-api-1.3.5.jar;E:\maven\resporitory_lijian\org\yaml\snakeyaml\1.27\snakeyaml-1.27.jar;E:\maven\resporitory_lijian\org\springframework\boot\spring-boot-starter-json\2.4.1\spring-boot-starter-json-2.4.1.jar;E:\maven\resporitory_lijian\com\fasterxml\jackson\core\jackson-databind\2.11.3\jackson-databind-2.11.3.jar;E:\maven\resporitory_lijian\com\fasterxml\jackson\core\jackson-annotations\2.11.3\jackson-annotations-2.11.3.jar;E:\maven\resporitory_lijian\com\fasterxml\jackson\core\jackson-core\2.11.3\jackson-core-2.11.3.jar;E:\maven\resporitory_lijian\com\fasterxml\jackson\datatype\jackson-datatype-jdk8\2.11.3\jackson-datatype-jdk8-2.11.3.jar;E:\maven\resporitory_lijian\com\fasterxml\jackson\datatype\jackson-datatype-jsr310\2.11.3\jackson-datatype-jsr310-2.11.3.jar;E:\maven\resporitory_lijian\com\fasterxml\jackson\module\jackson-module-parameter-names\2.11.3\jackson-module-parameter-names-2.11.3.jar;E:\maven\resporitory_lijian\org\springframework\boot\spring-boot-starter-tomcat\2.4.1\spring-boot-starter-tomcat-2.4.1.jar;E:\maven\resporitory_lijian\org\apache\tomcat\embed\tomcat-embed-core\9.0.41\tomcat-embed-core-9.0.41.jar;E:\maven\resporitory_lijian\org\glassfish\jakarta.el\3.0.3\jakarta.el-3.0.3.jar;E:\maven\resporitory_lijian\org\apache\tomcat\embed\tomcat-embed-websocket\9.0.41\tomcat-embed-websocket-9.0.41.jar;E:\maven\resporitory_lijian\org\springframework\spring-web\5.3.2\spring-web-5.3.2.jar;E:\maven\resporitory_lijian\org\springframework\spring-beans\5.3.2\spring-beans-5.3.2.jar;E:\maven\resporitory_lijian\org\springframework\spring-webmvc\5.3.2\spring-webmvc-5.3.2.jar;E:\maven\resporitory_lijian\org\springframework\spring-aop\5.3.2\spring-aop-5.3.2.jar;E:\maven\resporitory_lijian\org\springframework\spring-context\5.3.2\spring-context-5.3.2.jar;E:\maven\resporitory_lijian\org\springframework\spring-expression\5.3.2\spring-expression-5.3.2.jar;E:\maven\resporitory_lijian\org\junit\platform\junit-platform-launcher\1.7.0\junit-platform-launcher-1.7.0.jar;E:\maven\resporitory_lijian\org\apiguardian\apiguardian-api\1.1.0\apiguardian-api-1.1.0.jar;E:\maven\resporitory_lijian\org\junit\platform\junit-platform-engine\1.7.0\junit-platform-engine-1.7.0.jar;E:\maven\resporitory_lijian\org\opentest4j\opentest4j\1.2.0\opentest4j-1.2.0.jar;E:\maven\resporitory_lijian\org\junit\platform\junit-platform-commons\1.7.0\junit-platform-commons-1.7.0.jar;E:\maven\resporitory_lijian\org\springframework\boot\spring-boot-starter-test\2.4.1\spring-boot-starter-test-2.4.1.jar;E:\maven\resporitory_lijian\org\springframework\boot\spring-boot-test\2.4.1\spring-boot-test-2.4.1.jar;E:\maven\resporitory_lijian\org\springframework\boot\spring-boot-test-autoconfigure\2.4.1\spring-boot-test-autoconfigure-2.4.1.jar;E:\maven\resporitory_lijian\com\jayway\jsonpath\json-path\2.4.0\json-path-2.4.0.jar;E:\maven\resporitory_lijian\net\minidev\json-smart\2.3\json-smart-2.3.jar;E:\maven\resporitory_lijian\net\minidev\accessors-smart\1.2\accessors-smart-1.2.jar;E:\maven\resporitory_lijian\org\ow2\asm\asm\5.0.4\asm-5.0.4.jar;E:\maven\resporitory_lijian\org\slf4j\slf4j-api\1.7.30\slf4j-api-1.7.30.jar;E:\maven\resporitory_lijian\jakarta\xml\bind\jakarta.xml.bind-api\2.3.3\jakarta.xml.bind-api-2.3.3.jar;E:\maven\resporitory_lijian\jakarta\activation\jakarta.activation-api\1.2.2\jakarta.activation-api-1.2.2.jar;E:\maven\resporitory_lijian\org\assertj\assertj-core\3.18.1\assertj-core-3.18.1.jar;E:\maven\resporitory_lijian\org\hamcrest\hamcrest\2.2\hamcrest-2.2.jar;E:\maven\resporitory_lijian\org\junit\jupiter\junit-jupiter\5.7.0\junit-jupiter-5.7.0.jar;E:\maven\resporitory_lijian\org\junit\jupiter\junit-jupiter-api\5.7.0\junit-jupiter-api-5.7.0.jar;E:\maven\resporitory_lijian\org\junit\jupiter\junit-jupiter-params\5.7.0\junit-jupiter-params-5.7.0.jar;E:\maven\resporitory_lijian\org\junit\jupiter\junit-jupiter-engine\5.7.0\junit-jupiter-engine-5.7.0.jar;E:\maven\resporitory_lijian\org\mockito\mockito-core\3.6.28\mockito-core-3.6.28.jar;E:\maven\resporitory_lijian\net\bytebuddy\byte-buddy\1.10.18\byte-buddy-1.10.18.jar;E:\maven\resporitory_lijian\net\bytebuddy\byte-buddy-agent\1.10.18\byte-buddy-agent-1.10.18.jar;E:\maven\resporitory_lijian\org\objenesis\objenesis\3.1\objenesis-3.1.jar;E:\maven\resporitory_lijian\org\mockito\mockito-junit-jupiter\3.6.28\mockito-junit-jupiter-3.6.28.jar;E:\maven\resporitory_lijian\org\skyscreamer\jsonassert\1.5.0\jsonassert-1.5.0.jar;E:\maven\resporitory_lijian\com\vaadin\external\google\android-json\0.0.20131108.vaadin1\android-json-0.0.20131108.vaadin1.jar;E:\maven\resporitory_lijian\org\springframework\spring-core\5.3.2\spring-core-5.3.2.jar;E:\maven\resporitory_lijian\org\springframework\spring-jcl\5.3.2\spring-jcl-5.3.2.jar;E:\maven\resporitory_lijian\org\springframework\spring-test\5.3.2\spring-test-5.3.2.jar;E:\maven\resporitory_lijian\org\xmlunit\xmlunit-core\2.7.0\xmlunit-core-2.7.0.jar;E:\maven\resporitory_lijian\junit\junit\4.12\junit-4.12.jar;E:\maven\resporitory_lijian\org\hamcrest\hamcrest-core\2.2\hamcrest-core-2.2.jar;E:\maven\resporitory_lijian\org\mybatis\spring\boot\mybatis-spring-boot-starter\1.1.1\mybatis-spring-boot-starter-1.1.1.jar;E:\maven\resporitory_lijian\org\mybatis\spring\boot\mybatis-spring-boot-autoconfigure\1.1.1\mybatis-spring-boot-autoconfigure-1.1.1.jar;E:\maven\resporitory_lijian\org\mybatis\mybatis\3.4.0\mybatis-3.4.0.jar;E:\maven\resporitory_lijian\org\mybatis\mybatis-spring\1.3.0\mybatis-spring-1.3.0.jar;E:\maven\resporitory_lijian\org\springframework\boot\spring-boot-starter-jdbc\2.4.1\spring-boot-starter-jdbc-2.4.1.jar;E:\maven\resporitory_lijian\com\zaxxer\HikariCP\3.4.5\HikariCP-3.4.5.jar;E:\maven\resporitory_lijian\org\springframework\spring-jdbc\5.3.2\spring-jdbc-5.3.2.jar;E:\maven\resporitory_lijian\org\springframework\spring-tx\5.3.2\spring-tx-5.3.2.jar;E:\maven\resporitory_lijian\mysql\mysql-connector-java\8.0.22\mysql-connector-java-8.0.22.jar;E:\maven\resporitory_lijian\org\springframework\boot\spring-boot-starter-thymeleaf\2.4.1\spring-boot-starter-thymeleaf-2.4.1.jar;E:\maven\resporitory_lijian\org\thymeleaf\thymeleaf-spring5\3.0.11.RELEASE\thymeleaf-spring5-3.0.11.RELEASE.jar;E:\maven\resporitory_lijian\org\thymeleaf\thymeleaf\3.0.11.RELEASE\thymeleaf-3.0.11.RELEASE.jar;E:\maven\resporitory_lijian\org\attoparser\attoparser\2.0.5.RELEASE\attoparser-2.0.5.RELEASE.jar;E:\maven\resporitory_lijian\org\unbescape\unbescape\1.1.6.RELEASE\unbescape-1.1.6.RELEASE.jar;E:\maven\resporitory_lijian\org\thymeleaf\extras\thymeleaf-extras-java8time\3.0.4.RELEASE\thymeleaf-extras-java8time-3.0.4.RELEASE.jar;E:\maven\resporitory_lijian\org\springframework\boot\spring-boot-devtools\2.4.1\spring-boot-devtools-2.4.1.jar;E:\maven\resporitory_lijian\org\springframework\boot\spring-boot\2.4.1\spring-boot-2.4.1.jar;E:\maven\resporitory_lijian\org\springframework\boot\spring-boot-autoconfigure\2.4.1\spring-boot-autoconfigure-2.4.1.jar;E:\maven\resporitory_lijian\commons-beanutils\commons-beanutils\1.9.3\commons-beanutils-1.9.3.jar;E:\maven\resporitory_lijian\commons-logging\commons-logging\1.2\commons-logging-1.2.jar;E:\maven\resporitory_lijian\commons-collections\commons-collections\3.2.2\commons-collections-3.2.2.jar;"/>
    <property name="sun.cpu.endian" value="little"/>
    <property name="user.home" value="C:\Users\lys"/>
    <property name="user.language" value="zh"/>
    <property name="java.specification.vendor" value="Oracle Corporation"/>
    <property name="java.home" value="D:\tools\install\dev\jdk\openjdk\java-se-8u41-ri\jre"/>
    <property name="basedir" value="E:\lijian\zcCode"/>
    <property name="file.separator" value="\"/>
    <property name="line.separator" value="&#10;"/>
    <property name="java.vm.specification.vendor" value="Oracle Corporation"/>
    <property name="java.specification.name" value="Java Platform API Specification"/>
    <property name="java.awt.graphicsenv" value="sun.awt.Win32GraphicsEnvironment"/>
    <property name="surefire.real.class.path" value="C:\Users\lys\AppData\Local\Temp\surefire6485244986972415883\surefirebooter130339713660000345.jar"/>
    <property name="sun.boot.class.path" value="D:\tools\install\dev\jdk\openjdk\java-se-8u41-ri\jre\lib\resources.jar;D:\tools\install\dev\jdk\openjdk\java-se-8u41-ri\jre\lib\rt.jar;D:\tools\install\dev\jdk\openjdk\java-se-8u41-ri\jre\lib\sunrsasign.jar;D:\tools\install\dev\jdk\openjdk\java-se-8u41-ri\jre\lib\jsse.jar;D:\tools\install\dev\jdk\openjdk\java-se-8u41-ri\jre\lib\jce.jar;D:\tools\install\dev\jdk\openjdk\java-se-8u41-ri\jre\lib\charsets.jar;D:\tools\install\dev\jdk\openjdk\java-se-8u41-ri\jre\lib\jfr.jar;D:\tools\install\dev\jdk\openjdk\java-se-8u41-ri\jre\classes"/>
    <property name="user.script" value=""/>
    <property name="sun.management.compiler" value="HotSpot Client Compiler"/>
    <property name="java.runtime.version" value="1.8.0_41-b04"/>
    <property name="user.name" value="lys"/>
    <property name="path.separator" value=";"/>
    <property name="os.version" value="6.3"/>
    <property name="java.endorsed.dirs" value="D:\tools\install\dev\jdk\openjdk\java-se-8u41-ri\jre\lib\endorsed"/>
    <property name="java.runtime.name" value="OpenJDK Runtime Environment"/>
    <property name="file.encoding" value="GBK"/>
    <property name="java.vm.name" value="OpenJDK Client VM"/>
    <property name="localRepository" value="E:\maven\resporitory_lijian"/>
    <property name="java.vendor.url.bug" value="http://bugreport.sun.com/bugreport/"/>
    <property name="java.io.tmpdir" value="C:\Users\lys\AppData\Local\Temp\"/>
    <property name="idea.version" value="2020.3.2"/>
    <property name="java.version" value="1.8.0_41"/>
    <property name="user.dir" value="E:\lijian\zcCode"/>
    <property name="os.arch" value="x86"/>
    <property name="java.vm.specification.name" value="Java Virtual Machine Specification"/>
    <property name="java.awt.printerjob" value="sun.awt.windows.WPrinterJob"/>
    <property name="sun.os.patch.level" value=""/>
    <property name="java.library.path" value="D:\tools\install\dev\jdk\openjdk\java-se-8u41-ri\jre\bin;C:\Windows\Sun\Java\bin;C:\Windows\system32;C:\Windows;D:\tools\install\dev\secureCRT\;C:\Windows\system32;C:\Windows;C:\Windows\System32\Wbem;C:\Windows\System32\WindowsPowerShell\v1.0\;C:\Windows\System32\OpenSSH\;D:\tools\install\dev\jdk\openjdk\java-se-8u41-ri\bin;C:\Users\lys\AppData\Local\Microsoft\WindowsApps;;."/>
    <property name="java.vm.info" value="mixed mode"/>
    <property name="java.vendor" value="Oracle Corporation"/>
    <property name="java.vm.version" value="25.40-b25"/>
    <property name="java.ext.dirs" value="D:\tools\install\dev\jdk\openjdk\java-se-8u41-ri\jre\lib\ext;C:\Windows\Sun\Java\lib\ext"/>
    <property name="sun.io.unicode.encoding" value="UnicodeLittle"/>
    <property name="java.class.version" value="52.0"/>
  </properties>
  <testcase name="contextLoads" classname="com.lijian.home.HomeApplicationTests" time="0.13"/>
</testsuite>